<?xml version="1.0" encoding="UTF-8"?>
<!-- Generated by org.testng.reporters.JUnitXMLReporter -->
<testsuite hostname="Denuka" ignored="0" name="Default test" tests="6" failures="0" timestamp="14 May 2020 11:56:21 GMT" time="96.946" errors="0">
  <testcase name="verifyContactsPageTitle" time="0.02" classname="com.qa.hubspot.test.ContactsPageTest"/>
  <testcase name="createNewConactsTest" time="13.1" classname="com.qa.hubspot.test.ContactsPageTest"/>
  <testcase name="createNewConactsTest" time="15.462" classname="com.qa.hubspot.test.ContactsPageTest"/>
  <testcase name="createNewConactsTest" time="11.714" classname="com.qa.hubspot.test.ContactsPageTest"/>
  <testcase name="createNewConactsTest" time="11.944" classname="com.qa.hubspot.test.ContactsPageTest"/>
  <testcase name="createNewConactsTest" time="15.204" classname="com.qa.hubspot.test.ContactsPageTest"/>
</testsuite> <!-- Default test -->
