<?xml version="1.0" encoding="UTF-8"?>
<!-- Generated by org.testng.reporters.JUnitXMLReporter -->
<testsuite hostname="Denuka" ignored="0" name="Test" tests="6" failures="0" timestamp="12 May 2020 14:16:32 GMT" time="24.601" errors="0">
  <testcase name="verifyLoginPageTitleTest" time="0.542" classname="com.qa.hubspot.test.LoginPageTest"/>
  <testcase name="verifySignUpLinkTest" time="0.541" classname="com.qa.hubspot.test.LoginPageTest"/>
  <testcase name="verifyShowPasswordLinkLinkTest" time="0.185" classname="com.qa.hubspot.test.LoginPageTest"/>
  <testcase name="verifyForgotPasswordLinkTest" time="0.178" classname="com.qa.hubspot.test.LoginPageTest"/>
  <testcase name="verifySSObtnTest" time="0.102" classname="com.qa.hubspot.test.LoginPageTest"/>
  <testcase name="loginTest" time="2.628" classname="com.qa.hubspot.test.LoginPageTest"/>
</testsuite> <!-- Test -->
